<?xml version="1.0" encoding="UTF-8"?>
<testng-results ignored="0" total="1" passed="1" failed="0" skipped="0">
  <reporter-output>
  </reporter-output>
  <suite started-at="2022-07-23T22:23:52 AST" name="Default suite" finished-at="2022-07-23T22:25:15 AST" duration-ms="82877">
    <groups>
    </groups>
    <test started-at="2022-07-23T22:23:52 AST" name="Default test" finished-at="2022-07-23T22:25:15 AST" duration-ms="82877">
      <class name="SeleniumWithChrome.chromeWebDriver">
        <test-method signature="chrome()[pri:0, instance:SeleniumWithChrome.chromeWebDriver@419c5f1a]" started-at="2022-07-23T22:23:52 AST" name="chrome" finished-at="2022-07-23T22:25:15 AST" duration-ms="82856" status="PASS">
          <reporter-output>
          </reporter-output>
        </test-method> <!-- chrome -->
      </class> <!-- SeleniumWithChrome.chromeWebDriver -->
    </test> <!-- Default test -->
  </suite> <!-- Default suite -->
</testng-results>
